# JRE version: OpenJDK Runtime Environment (11.0.10) (build 11.0.10+0-b96-7249189)
# Java VM: OpenJDK 64-Bit Server VM (11.0.10+0-b96-7249189, mixed mode, tiered, compressed oops, g1 gc, linux-amd64)
Heap:
 garbage-first heap   total 192512K, used 53280K [0x0000000080000000, 0x0000000100000000)
  region size 1024K, 38 young (38912K), 12 survivors (12288K)
 Metaspace       used 43898K, capacity 44928K, committed 45312K, reserved 1089536K
  class space    used 5637K, capacity 6024K, committed 6144K, reserved 1048576K
GC Heap History (14 events):
Event: 0.776 GC heap before
{Heap before GC invocations=0 (full 0):
 garbage-first heap   total 159744K, used 29696K [0x0000000080000000, 0x0000000100000000)
  region size 1024K, 24 young (24576K), 0 survivors (0K)
 Metaspace       used 9674K, capacity 9938K, committed 10112K, reserved 1058816K
  class space    used 1009K, capacity 1102K, committed 1152K, reserved 1048576K
}
Event: 0.782 GC heap after
{Heap after GC invocations=1 (full 0):
 garbage-first heap   total 159744K, used 8850K [0x0000000080000000, 0x0000000100000000)
  region size 1024K, 3 young (3072K), 3 survivors (3072K)
 Metaspace       used 9674K, capacity 9938K, committed 10112K, reserved 1058816K
  class space    used 1009K, capacity 1102K, committed 1152K, reserved 1048576K
}
Event: 0.993 GC heap before
{Heap before GC invocations=1 (full 0):
 garbage-first heap   total 159744K, used 42642K [0x0000000080000000, 0x0000000100000000)
  region size 1024K, 36 young (36864K), 3 survivors (3072K)
 Metaspace       used 10668K, capacity 10891K, committed 11264K, reserved 1058816K
  class space    used 1111K, capacity 1206K, committed 1280K, reserved 1048576K
}
Event: 0.998 GC heap after
{Heap after GC invocations=2 (full 0):
 garbage-first heap   total 159744K, used 12797K [0x0000000080000000, 0x0000000100000000)
  region size 1024K, 4 young (4096K), 4 survivors (4096K)
 Metaspace       used 10668K, capacity 10891K, committed 11264K, reserved 1058816K
  class space    used 1111K, capacity 1206K, committed 1280K, reserved 1048576K
}
Event: 1.864 GC heap before
{Heap before GC invocations=2 (full 0):
 garbage-first heap   total 159744K, used 58877K [0x0000000080000000, 0x0000000100000000)
  region size 1024K, 49 young (50176K), 4 survivors (4096K)
 Metaspace       used 18501K, capacity 18863K, committed 19072K, reserved 1067008K
  class space    used 2224K, capacity 2360K, committed 2432K, reserved 1048576K
}
Event: 1.887 GC heap after
{Heap after GC invocations=3 (full 0):
 garbage-first heap   total 159744K, used 16181K [0x0000000080000000, 0x0000000100000000)
  region size 1024K, 7 young (7168K), 7 survivors (7168K)
 Metaspace       used 18501K, capacity 18863K, committed 19072K, reserved 1067008K
  class space    used 2224K, capacity 2360K, committed 2432K, reserved 1048576K
}
Event: 2.164 GC heap before
{Heap before GC invocations=3 (full 0):
 garbage-first heap   total 159744K, used 33589K [0x0000000080000000, 0x0000000100000000)
  region size 1024K, 25 young (25600K), 7 survivors (7168K)
 Metaspace       used 20666K, capacity 21143K, committed 21248K, reserved 1067008K
  class space    used 2542K, capacity 2722K, committed 2816K, reserved 1048576K
}
Event: 2.175 GC heap after
{Heap after GC invocations=4 (full 0):
 garbage-first heap   total 159744K, used 16707K [0x0000000080000000, 0x0000000100000000)
  region size 1024K, 5 young (5120K), 5 survivors (5120K)
 Metaspace       used 20666K, capacity 21143K, committed 21248K, reserved 1067008K
  class space    used 2542K, capacity 2722K, committed 2816K, reserved 1048576K
}
Event: 3.114 GC heap before
{Heap before GC invocations=5 (full 0):
 garbage-first heap   total 159744K, used 74051K [0x0000000080000000, 0x0000000100000000)
  region size 1024K, 61 young (62464K), 5 survivors (5120K)
 Metaspace       used 26058K, capacity 26655K, committed 26752K, reserved 1073152K
  class space    used 3426K, capacity 3692K, committed 3712K, reserved 1048576K
}
Event: 3.124 GC heap after
{Heap after GC invocations=6 (full 0):
 garbage-first heap   total 192512K, used 18519K [0x0000000080000000, 0x0000000100000000)
  region size 1024K, 6 young (6144K), 6 survivors (6144K)
 Metaspace       used 26058K, capacity 26655K, committed 26752K, reserved 1073152K
  class space    used 3426K, capacity 3692K, committed 3712K, reserved 1048576K
}
Event: 4.001 GC heap before
{Heap before GC invocations=6 (full 0):
 garbage-first heap   total 192512K, used 67671K [0x0000000080000000, 0x0000000100000000)
  region size 1024K, 56 young (57344K), 6 survivors (6144K)
 Metaspace       used 34865K, capacity 35643K, committed 35840K, reserved 1081344K
  class space    used 4517K, capacity 4814K, committed 4864K, reserved 1048576K
}
Event: 4.011 GC heap after
{Heap after GC invocations=7 (full 0):
 garbage-first heap   total 192512K, used 21908K [0x0000000080000000, 0x0000000100000000)
  region size 1024K, 10 young (10240K), 10 survivors (10240K)
 Metaspace       used 34865K, capacity 35643K, committed 35840K, reserved 1081344K
  class space    used 4517K, capacity 4814K, committed 4864K, reserved 1048576K
}
Event: 5.422 GC heap before
{Heap before GC invocations=8 (full 0):
 garbage-first heap   total 192512K, used 116116K [0x0000000080000000, 0x0000000100000000)
  region size 1024K, 99 young (101376K), 10 survivors (10240K)
 Metaspace       used 42071K, capacity 43016K, committed 43136K, reserved 1087488K
  class space    used 5350K, capacity 5703K, committed 5760K, reserved 1048576K
}
Event: 5.445 GC heap after
{Heap after GC invocations=9 (full 0):
 garbage-first heap   total 192512K, used 27680K [0x0000000080000000, 0x0000000100000000)
  region size 1024K, 12 young (12288K), 12 survivors (12288K)
 Metaspace       used 42071K, capacity 43016K, committed 43136K, reserved 1087488K
  class space    used 5350K, capacity 5703K, committed 5760K, reserved 1048576K
}

